2022-12-14 14:12:32,459 INFO o.e.HomePage [main] Convertible Bucket Shoulder Bag 2.0
Black/White
2022-12-14 14:12:32,468 INFO o.e.HomePage [main] Couture Sport Mini Box Bag
Puma Black-Puma White-AOP
2022-12-14 14:12:32,476 INFO o.e.HomePage [main] Accelerator Duffle Bag
BLACK
2022-12-14 14:12:32,484 INFO o.e.HomePage [main] Convertible Bucket Shoulder Bag 2.0
PINK/BLACK
2022-12-14 14:12:32,490 INFO o.e.HomePage [main] Medium Training Sports Bag
Puma Black
2022-12-14 14:12:32,496 INFO o.e.HomePage [main] BMW M Motorsport Small Portable Bag
Puma Black
2022-12-14 14:12:32,504 INFO o.e.HomePage [main] ProCat Duffel Bag
GREY/GREEN
2022-12-14 14:12:32,511 INFO o.e.HomePage [main] Axis Compact Portable Bag
Puma Black
2022-12-14 14:12:32,517 INFO o.e.HomePage [main] Edge Compact Portable Bag
Puma Black
2022-12-14 14:12:32,525 INFO o.e.HomePage [main] Originals Mini Box Bag
Puma Black
2022-12-14 14:12:32,532 INFO o.e.HomePage [main] PUMA x CLOUD9 Gaming Bag
Parisian Night
2022-12-14 14:12:32,556 INFO o.e.HomePage [main] Originals Mini Box Bag
Metallic Silver
2022-12-14 14:12:32,563 INFO o.e.HomePage [main] PUMA Sense Multi Pouch Bag
Rose Quartz
2022-12-14 14:12:32,571 INFO o.e.HomePage [main] PUMA x DUA LIPA Grip Bag
Puma Black-Poppy Red-Light Aqua
2022-12-14 14:12:32,582 INFO o.e.HomePage [main] Essentials Training Barrel Bag
Puma Black
2022-12-14 14:12:32,590 INFO o.e.HomePage [main] Essentials Training Barrel Bag
Varsity Green
2022-12-14 14:12:32,597 INFO o.e.HomePage [main] Prime Time Multi Pouch Bag
Mauve Pop
2022-12-14 14:12:32,605 INFO o.e.HomePage [main] Prime Time Multi Pouch Bag
Puma Black
2022-12-14 14:12:32,612 INFO o.e.HomePage [main] Essentials Story Pack Training Barrel Bag
Puma Black-Deco Glam
2022-12-14 14:12:32,627 INFO o.e.HomePage [main] Prime Time Cube Wristlet Bag
Mauve Pop
2022-12-14 14:12:32,634 INFO o.e.HomePage [main] Prime Time Cube Wristlet Bag
Puma Black
2022-12-14 14:12:32,640 INFO o.e.HomePage [main] Prime Time Crossbody Bag
Puma Black
2022-12-14 14:12:32,647 INFO o.e.HomePage [main] Prime Time Crossbody Bag
Mauve Pop
2022-12-14 14:12:32,654 INFO o.e.HomePage [main] Accelerator Duffle Bag
BLACK / GREY
